2025-03-08 14:47:37.306 [tgraph] 成功保存数据库路径信息: 2 个数据库
[2025-03-08 15:07:35.517] [INFO] [tgraph] 15:07:35.517 [user-tgraph] INFO  io.javalin.Javalin - JAVALIN REQUEST DEBUG LOG:
[2025-03-08 15:07:35.518] [INFO] [tgraph] Request: POST [/db/data/database/neo4j-hello-db/start]
[2025-03-08 15:07:35.518] [INFO] [tgraph]     Matching endpoint-handlers: [BEFORE=*, BEFORE=*, BEFORE=*, POST=/db/data/database/{databaseName}/start, AFTER=*, AFTER=*]
[2025-03-08 15:07:35.518] [INFO] [tgraph]     Headers: {Cookie=sessionId=JFyZtyjjuzam7c_WiBTWVb52Z6s8y1C_S5uVTRUmKUs, Accept=*/*, User-Agent=PostmanRuntime/7.43.0, Connection=keep-alive, Postman-Token=e4e5eaf0-e6b7-4c0e-bcc5-0e7d69578678, Host=localhost:7474, Accept-Encoding=gzip, deflate, br, Content-Length=0}
[2025-03-08 15:07:35.519] [INFO] [tgraph]     Cookies: {sessionId=JFyZtyjjuzam7c_WiBTWVb52Z6s8y1C_S5uVTRUmKUs}
[2025-03-08 15:07:35.519] [INFO] [tgraph]     Body: 
[2025-03-08 15:07:35.519] [INFO] [tgraph]     QueryString: null
[2025-03-08 15:07:35.519] [INFO] [tgraph]     QueryParams: {}
[2025-03-08 15:07:35.519] [INFO] [tgraph]     FormParams: {}
[2025-03-08 15:07:35.519] [INFO] [tgraph] Response: [201], execution took 1823.98 ms
[2025-03-08 15:07:35.519] [INFO] [tgraph]     Headers: {Date=Sat, 08 Mar 2025 07:07:33 GMT, Content-Type=text/plain}
[2025-03-08 15:07:35.519] [INFO] [tgraph]     No body was set
[2025-03-08 15:07:35.519] [INFO] [tgraph] ----------------------------------------------------------------------------------
[2025-03-08 15:07:53.713] [INFO] [tgraph] 15:07:53.713 [user-tgraph] INFO  io.javalin.Javalin - JAVALIN REQUEST DEBUG LOG:
[2025-03-08 15:07:53.713] [INFO] [tgraph] Request: POST [/db/data/node]
[2025-03-08 15:07:53.713] [INFO] [tgraph]     Matching endpoint-handlers: [BEFORE=*, BEFORE=*, BEFORE=*, POST=/db/data/node, AFTER=*, AFTER=*]
[2025-03-08 15:07:53.713] [INFO] [tgraph]     Headers: {Authorization=Basic dGdyYXBoOnNlY3JldA==, Cookie=sessionId=JFyZtyjjuzam7c_WiBTWVb52Z6s8y1C_S5uVTRUmKUs, Accept=*/*, User-Agent=PostmanRuntime/7.43.0, Connection=keep-alive, Postman-Token=65ba73bd-7f9e-4745-81fb-fbd77f54d76a, Host=localhost:7474, Accept-Encoding=gzip, deflate, br, Content-Length=0}
[2025-03-08 15:07:53.713] [INFO] [tgraph]     Cookies: {sessionId=JFyZtyjjuzam7c_WiBTWVb52Z6s8y1C_S5uVTRUmKUs}
[2025-03-08 15:07:53.713] [INFO] [tgraph]     Body: 
[2025-03-08 15:07:53.713] [INFO] [tgraph]     QueryString: null
[2025-03-08 15:07:53.713] [INFO] [tgraph]     QueryParams: {}
[2025-03-08 15:07:53.713] [INFO] [tgraph]     FormParams: {}
[2025-03-08 15:07:53.713] [INFO] [tgraph] Response: [201], execution took 42.50 ms
[2025-03-08 15:07:53.713] [INFO] [tgraph]     Headers: {Date=Sat, 08 Mar 2025 07:07:53 GMT, Content-Type=application/json, Location=http://localhost:7474/db/data/node/2}
[2025-03-08 15:07:53.713] [INFO] [tgraph]     Body is 1088 bytes (starts on next line):
[2025-03-08 15:07:53.713] [INFO] [tgraph]     {"metadata":{"id":2,"labels":[]},"data":{},"paged_traverse":"http://localhost:7474/db/data/node/2/paged/traverse/{returnType}{?pageSize,leaseTime}","outgoing_relationships":"http://localhost:7474/db/data/node/2/relationships/out","outgoing_typed_relationships":"http://localhost:7474/db/data/node/2/relationships/out/{-list|&|types}","labels":"http://localhost:7474/db/data/node/2/labels","create_relationship":"http://localhost:7474/db/data/node/2/relationships","traverse":"http://localhost:7474/db/data/node/2/traverse/{returnType}","extensions":{},"all_relationships":"http://localhost:7474/db/data/node/2/relationships/all","all_typed_relationships":"http://localhost:7474/db/data/node/2/relationships/all/{-list|&|types}","property":"http://localhost:7474/db/data/node/2/properties/{key}","self":"http://localhost:7474/db/data/node/2","incoming_relationships":"http://localhost:7474/db/data/node/2/relationships/in","properties":"http://localhost:7474/db/data/node/2/properties","incoming_typed_relationships":"http://localhost:7474/db/data/node/2/relationships/in/{-list|&|types}"}
[2025-03-08 15:07:53.713] [INFO] [tgraph] ----------------------------------------------------------------------------------
